From github.com:Msukrullah1/sync_project
 * branch            main       -> FETCH_HEAD
Already up to date.
[main b57b72e] Auto Sync: 2026-02-20 00:13:04
 2 files changed, 4 insertions(+)
 create mode 100644 cron.log
 create mode 100644 cron_test.txt
To github.com:Msukrullah1/sync_project.git
   b76ada5..b57b72e  main -> main
Auto Push Successful ✅
From github.com:Msukrullah1/sync_project
 * branch            main       -> FETCH_HEAD
Already up to date.
[main 53abdb0] Auto Sync: 2026-02-20 00:14:04
 1 file changed, 10 insertions(+)
To github.com:Msukrullah1/sync_project.git
   b57b72e..53abdb0  main -> main
Auto Push Successful ✅
From github.com:Msukrullah1/sync_project
 * branch            main       -> FETCH_HEAD
Already up to date.
[main 9208621] Auto Sync: 2026-02-20 00:15:04
 1 file changed, 8 insertions(+)
To github.com:Msukrullah1/sync_project.git
   53abdb0..9208621  main -> main
Auto Push Successful ✅
From github.com:Msukrullah1/sync_project
 * branch            main       -> FETCH_HEAD
Already up to date.
[main 62ec0e3] Auto Sync: 2026-02-20 00:16:04
 1 file changed, 8 insertions(+)
To github.com:Msukrullah1/sync_project.git
   9208621..62ec0e3  main -> main
Auto Push Successful ✅
From github.com:Msukrullah1/sync_project
 * branch            main       -> FETCH_HEAD
Already up to date.
[main db2353a] Auto Sync: 2026-02-20 00:17:04
 1 file changed, 8 insertions(+)
To github.com:Msukrullah1/sync_project.git
   62ec0e3..db2353a  main -> main
Auto Push Successful ✅
From github.com:Msukrullah1/sync_project
 * branch            main       -> FETCH_HEAD
Already up to date.
[main 227de13] Auto Sync: 2026-02-20 00:18:04
 1 file changed, 8 insertions(+)
To github.com:Msukrullah1/sync_project.git
   db2353a..227de13  main -> main
Auto Push Successful ✅
From github.com:Msukrullah1/sync_project
 * branch            main       -> FETCH_HEAD
Already up to date.
[main 792daf2] Auto Sync: 2026-02-20 00:19:04
 1 file changed, 8 insertions(+)
To github.com:Msukrullah1/sync_project.git
   227de13..792daf2  main -> main
Auto Push Successful ✅
From github.com:Msukrullah1/sync_project
 * branch            main       -> FETCH_HEAD
Already up to date.
[main e6eb194] Auto Sync: 2026-02-20 00:20:03
 1 file changed, 8 insertions(+)
To github.com:Msukrullah1/sync_project.git
   792daf2..e6eb194  main -> main
Auto Push Successful ✅
From github.com:Msukrullah1/sync_project
 * branch            main       -> FETCH_HEAD
Already up to date.
[main 0d7048e] Auto Sync: 2026-02-20 00:21:04
 2 files changed, 29 insertions(+)
 create mode 100644 auto_push.s
To github.com:Msukrullah1/sync_project.git
   e6eb194..0d7048e  main -> main
Auto Push Successful ✅
From github.com:Msukrullah1/sync_project
 * branch            main       -> FETCH_HEAD
Already up to date.
[main 3f54238] Auto Sync: 2026-02-20 00:22:04
 1 file changed, 9 insertions(+)
To github.com:Msukrullah1/sync_project.git
   6aa58c6..3f54238  main -> main
Auto Push Successful ✅
From github.com:Msukrullah1/sync_project
 * branch            main       -> FETCH_HEAD
Already up to date.
[main d600d66] Auto Sync: 2026-02-20 00:23:04
 1 file changed, 8 insertions(+)
To github.com:Msukrullah1/sync_project.git
   3f54238..d600d66  main -> main
Auto Push Successful ✅
From github.com:Msukrullah1/sync_project
 * branch            main       -> FETCH_HEAD
Already up to date.
[main f5869be] Auto Sync: 2026-02-20 00:24:04
 1 file changed, 8 insertions(+)
To github.com:Msukrullah1/sync_project.git
   d600d66..f5869be  main -> main
Auto Push Successful ✅
From github.com:Msukrullah1/sync_project
 * branch            main       -> FETCH_HEAD
Already up to date.
[main 08c7abe] Auto Sync: 2026-02-20 00:25:05
 1 file changed, 8 insertions(+)
To github.com:Msukrullah1/sync_project.git
   f5869be..08c7abe  main -> main
Auto Push Successful ✅
From github.com:Msukrullah1/sync_project
 * branch            main       -> FETCH_HEAD
Already up to date.
[main 4a8d8d7] Auto Sync: 2026-02-20 00:26:04
 1 file changed, 8 insertions(+)
To github.com:Msukrullah1/sync_project.git
   08c7abe..4a8d8d7  main -> main
Auto Push Successful ✅
From github.com:Msukrullah1/sync_project
 * branch            main       -> FETCH_HEAD
Already up to date.
[Fri Feb 20 00:50:16 IST 2026] No .sh changes ✔
error: cannot pull with rebase: You have unstaged changes.
error: Please commit or stash them.
[Fri Feb 20 00:51:00 IST 2026] Merge conflict detected ❌
[Fri Feb 20 00:51:36 IST 2026] Merge conflict detected ❌
[Fri Feb 20 00:51:56 IST 2026] Merge conflict detected ❌
error: cannot pull with rebase: You have unstaged changes.
error: Please commit or stash them.
[Fri Feb 20 00:52:00 IST 2026] Merge conflict detected ❌
error: cannot pull with rebase: You have unstaged changes.
error: Please commit or stash them.
[Fri Feb 20 00:53:00 IST 2026] Merge conflict detected ❌
[Fri Feb 20 00:53:48 IST 2026] No .sh changes ✔
